[65012.448274] tiering-eligible process: 35991
[65012.448332] tiering-eligible process: 35991
[65012.448390] tiering-eligible process: 35991
[65012.448448] tiering-eligible process: 35991
[65012.448505] tiering-eligible process: 35991
[65012.448563] tiering-eligible process: 35991
[65012.448621] tiering-eligible process: 35991
[65012.448678] tiering-eligible process: 35991
[65012.448736] tiering-eligible process: 35991
[65012.448794] tiering-eligible process: 35991
[65012.448851] tiering-eligible process: 35991
[65012.448909] tiering-eligible process: 35991
[65012.448966] tiering-eligible process: 35991
[65012.449024] tiering-eligible process: 35991
[65012.449092] tiering-eligible process: 35991
[65012.449154] tiering-eligible process: 35991
[65012.449215] tiering-eligible process: 35991
[65012.449285] tiering-eligible process: 35991
[65012.449350] tiering-eligible process: 35991
[65012.449408] tiering-eligible process: 35991
[65012.449466] tiering-eligible process: 35991
[65012.449523] tiering-eligible process: 35991
[65012.449581] tiering-eligible process: 35991
[65012.449639] tiering-eligible process: 35991
[65012.449696] tiering-eligible process: 35991
[65012.449754] tiering-eligible process: 35991
[65012.449812] tiering-eligible process: 35991
[65012.449870] tiering-eligible process: 35991
[65012.449927] tiering-eligible process: 35991
[65012.449985] tiering-eligible process: 35991
[65012.450050] tiering-eligible process: 35991
[65012.450110] tiering-eligible process: 35991
[65012.450168] tiering-eligible process: 35991
[65012.450226] tiering-eligible process: 35991
[65012.450296] tiering-eligible process: 35991
[65012.450354] tiering-eligible process: 35991
[65012.450412] tiering-eligible process: 35991
[65012.450470] tiering-eligible process: 35991
[65012.450527] tiering-eligible process: 35991
[65012.450585] tiering-eligible process: 35991
[65012.450642] tiering-eligible process: 35991
[65012.450700] tiering-eligible process: 35991
[65012.450758] tiering-eligible process: 35991
[65012.450815] tiering-eligible process: 35991
[65012.450873] tiering-eligible process: 35991
[65012.450931] tiering-eligible process: 35991
[65012.450988] tiering-eligible process: 35991
[65012.451053] tiering-eligible process: 35991
[65012.451113] tiering-eligible process: 35991
[65012.451171] tiering-eligible process: 35991
[65012.451240] tiering-eligible process: 35991
[65012.451306] tiering-eligible process: 35991
[65012.451364] tiering-eligible process: 35991
[65012.451422] tiering-eligible process: 35991
[65012.451479] tiering-eligible process: 35991
[65012.451537] tiering-eligible process: 35991
[65012.451594] tiering-eligible process: 35991
[65012.451940] tiering-eligible process: 35991
[65012.451999] tiering-eligible process: 35991
[65012.452068] tiering-eligible process: 35991
[65012.452126] tiering-eligible process: 35991
[65012.452184] tiering-eligible process: 35991
[65012.452257] tiering-eligible process: 35991
[65012.452314] tiering-eligible process: 35991
[65012.452372] tiering-eligible process: 35991
[65012.452430] tiering-eligible process: 35991
[65012.452487] tiering-eligible process: 35991
[65012.452545] tiering-eligible process: 35991
[65012.452603] tiering-eligible process: 35991
[65012.452660] tiering-eligible process: 35991
[65012.452718] tiering-eligible process: 35991
[65012.452775] tiering-eligible process: 35991
[65012.452833] tiering-eligible process: 35991
[65012.452891] tiering-eligible process: 35991
[65012.452948] tiering-eligible process: 35991
[65012.453006] tiering-eligible process: 35991
[65012.453075] tiering-eligible process: 35991
[65012.453137] tiering-eligible process: 35991
[65012.453195] tiering-eligible process: 35991
[65012.453263] tiering-eligible process: 35991
[65012.453331] tiering-eligible process: 35991
[65012.453396] tiering-eligible process: 35991
[65012.453454] tiering-eligible process: 35991
[65012.453512] tiering-eligible process: 35991
[65012.453570] tiering-eligible process: 35991
[65012.453627] tiering-eligible process: 35991
[65012.453685] tiering-eligible process: 35991
[65012.453743] tiering-eligible process: 35991
[65012.453800] tiering-eligible process: 35991
[65012.453858] tiering-eligible process: 35991
[65012.453916] tiering-eligible process: 35991
[65012.453973] tiering-eligible process: 35991
[65012.454038] tiering-eligible process: 35991
[65012.454105] tiering-eligible process: 35991
[65012.454163] tiering-eligible process: 35991
[65012.454231] tiering-eligible process: 35991
[65012.454289] tiering-eligible process: 35991
[65012.454347] tiering-eligible process: 35991
[65012.454404] tiering-eligible process: 35991
[65012.454462] tiering-eligible process: 35991
[65012.454519] tiering-eligible process: 35991
[65012.454577] tiering-eligible process: 35991
[65012.454635] tiering-eligible process: 35991
[65012.454692] tiering-eligible process: 35991
[65012.454750] tiering-eligible process: 35991
[65012.454808] tiering-eligible process: 35991
[65012.454865] tiering-eligible process: 35991
[65012.454923] tiering-eligible process: 35991
[65012.454980] tiering-eligible process: 35991
[65012.455045] tiering-eligible process: 35991
[65012.455110] tiering-eligible process: 35991
[65012.455167] tiering-eligible process: 35991
[65012.455237] tiering-eligible process: 35991
[65012.455304] tiering-eligible process: 35991
[65012.455362] tiering-eligible process: 35991
[65012.455419] tiering-eligible process: 35991
[65012.455477] tiering-eligible process: 35991
[65012.455535] tiering-eligible process: 35991
[65012.455592] tiering-eligible process: 35991
[65012.455650] tiering-eligible process: 35991
[65012.455707] tiering-eligible process: 35991
[65012.455765] tiering-eligible process: 35991
[65012.455823] tiering-eligible process: 35991
[65012.455880] tiering-eligible process: 35991
[65012.455938] tiering-eligible process: 35991
[65012.455995] tiering-eligible process: 35991
[65012.456068] tiering-eligible process: 35991
[65012.456132] tiering-eligible process: 35991
[65012.456190] tiering-eligible process: 35991
[65012.456258] tiering-eligible process: 35991
[65012.456323] tiering-eligible process: 35991
[65012.456381] tiering-eligible process: 35991
[65012.456438] tiering-eligible process: 35991
[65012.456496] tiering-eligible process: 35991
[65012.456554] tiering-eligible process: 35991
[65012.456611] tiering-eligible process: 35991
[65012.456669] tiering-eligible process: 35991
[65012.456726] tiering-eligible process: 35991
[65012.456784] tiering-eligible process: 35991
[65012.456842] tiering-eligible process: 35991
[65012.456899] tiering-eligible process: 35991
[65012.456957] tiering-eligible process: 35991
[65012.457014] tiering-eligible process: 35991
[65012.457083] tiering-eligible process: 35991
[65012.457141] tiering-eligible process: 35991
[65012.457209] tiering-eligible process: 35991
[65012.457275] tiering-eligible process: 35991
[65012.457333] tiering-eligible process: 35991
[65012.457391] tiering-eligible process: 35991
[65012.457449] tiering-eligible process: 35991
[65012.457506] tiering-eligible process: 35991
[65012.457564] tiering-eligible process: 35991
[65012.457622] tiering-eligible process: 35991
[65012.457679] tiering-eligible process: 35991
[65012.457737] tiering-eligible process: 35991
[65012.457795] tiering-eligible process: 35991
[65012.457852] tiering-eligible process: 35991
[65012.457910] tiering-eligible process: 35991
[65012.457967] tiering-eligible process: 35991
[65012.458025] tiering-eligible process: 35991
[65012.458094] tiering-eligible process: 35991
[65012.458152] tiering-eligible process: 35991
[65012.458220] tiering-eligible process: 35991
[65012.458285] tiering-eligible process: 35991
[65012.458343] tiering-eligible process: 35991
[65012.458401] tiering-eligible process: 35991
[65012.458459] tiering-eligible process: 35991
[65012.458517] tiering-eligible process: 35991
[65012.458574] tiering-eligible process: 35991
[65012.458632] tiering-eligible process: 35991
[65012.458690] tiering-eligible process: 35991
[65012.458748] tiering-eligible process: 35991
[65012.458805] tiering-eligible process: 35991
[65012.458863] tiering-eligible process: 35991
[65012.458921] tiering-eligible process: 35991
[65012.458978] tiering-eligible process: 35991
[65012.459044] tiering-eligible process: 35991
[65012.459108] tiering-eligible process: 35991
[65012.459166] tiering-eligible process: 35991
[65012.459224] tiering-eligible process: 35991
[65012.459291] tiering-eligible process: 35991
[65012.459349] tiering-eligible process: 35991
[65012.459407] tiering-eligible process: 35991
[65012.459464] tiering-eligible process: 35991
[65012.459522] tiering-eligible process: 35991
[65012.459579] tiering-eligible process: 35991
[65012.459637] tiering-eligible process: 35991
[65012.459695] tiering-eligible process: 35991
[65012.459752] tiering-eligible process: 35991
[65012.459810] tiering-eligible process: 35991
[65012.459867] tiering-eligible process: 35991
[65012.459925] tiering-eligible process: 35991
[65012.459983] tiering-eligible process: 35991
[65012.460051] tiering-eligible process: 35991
[65012.460114] tiering-eligible process: 35991
[65012.460172] tiering-eligible process: 35991
[65012.460240] tiering-eligible process: 35991
[65012.460306] tiering-eligible process: 35991
[65012.460364] tiering-eligible process: 35991
[65012.460422] tiering-eligible process: 35991
[65012.460480] tiering-eligible process: 35991
[65012.460537] tiering-eligible process: 35991
[65012.460595] tiering-eligible process: 35991
[65012.460652] tiering-eligible process: 35991
[65012.460710] tiering-eligible process: 35991
[65012.460769] tiering-eligible process: 35991
[65012.460826] tiering-eligible process: 35991
[65012.460884] tiering-eligible process: 35991
[65012.460941] tiering-eligible process: 35991
[65012.460999] tiering-eligible process: 35991
[65012.461067] tiering-eligible process: 35991
[65012.461129] tiering-eligible process: 35991
[65012.461187] tiering-eligible process: 35991
[65012.461255] tiering-eligible process: 35991
[65012.461321] tiering-eligible process: 35991
[65012.461378] tiering-eligible process: 35991
[65012.461436] tiering-eligible process: 35991
[65012.461494] tiering-eligible process: 35991
[65012.461551] tiering-eligible process: 35991
[65012.461609] tiering-eligible process: 35991
[65012.461666] tiering-eligible process: 35991
[65012.461724] tiering-eligible process: 35991
[65012.461781] tiering-eligible process: 35991
[65012.461839] tiering-eligible process: 35991
[65012.461896] tiering-eligible process: 35991
[65012.461954] tiering-eligible process: 35991
[65012.462012] tiering-eligible process: 35991
[65012.462082] tiering-eligible process: 35991
[65012.462140] tiering-eligible process: 35991
[65012.462197] tiering-eligible process: 35991
[65012.462266] tiering-eligible process: 35991
[65012.462324] tiering-eligible process: 35991
[65012.462381] tiering-eligible process: 35991
[65012.462439] tiering-eligible process: 35991
[65012.462497] tiering-eligible process: 35991
[65012.462554] tiering-eligible process: 35991
[65012.462612] tiering-eligible process: 35991
[65012.462669] tiering-eligible process: 35991
[65012.462727] tiering-eligible process: 35991
[65012.462784] tiering-eligible process: 35991
[65012.462842] tiering-eligible process: 35991
[65012.462899] tiering-eligible process: 35991
[65012.462957] tiering-eligible process: 35991
[65012.463015] tiering-eligible process: 35991
[65012.463082] tiering-eligible process: 35991
[65012.463140] tiering-eligible process: 35991
[65012.463208] tiering-eligible process: 35991
[65012.463273] tiering-eligible process: 35991
[65012.463331] tiering-eligible process: 35991
[65012.463389] tiering-eligible process: 35991
[65012.463447] tiering-eligible process: 35991
[65012.463504] tiering-eligible process: 35991
[65012.463562] tiering-eligible process: 35991
[65012.463619] tiering-eligible process: 35991
[65012.463677] tiering-eligible process: 35991
[65012.463735] tiering-eligible process: 35991
[65012.463792] tiering-eligible process: 35991
[65012.463850] tiering-eligible process: 35991
[65012.463907] tiering-eligible process: 35991
[65012.463965] tiering-eligible process: 35991
[65012.464023] tiering-eligible process: 35991
[65012.464090] tiering-eligible process: 35991
[65012.464148] tiering-eligible process: 35991
[65012.464209] tiering-eligible process: 35991
[65012.464277] tiering-eligible process: 35991
[65012.464335] tiering-eligible process: 35991
[65012.464392] tiering-eligible process: 35991
[65012.464450] tiering-eligible process: 35991
[65012.464507] tiering-eligible process: 35991
[65012.464565] tiering-eligible process: 35991
[65012.464623] tiering-eligible process: 35991
[65012.464680] tiering-eligible process: 35991
[65012.464738] tiering-eligible process: 35991
[65012.464795] tiering-eligible process: 35991
[65012.464853] tiering-eligible process: 35991
[65012.464911] tiering-eligible process: 35991
[65012.464968] tiering-eligible process: 35991
[65012.465026] tiering-eligible process: 35991
[65012.465093] tiering-eligible process: 35991
[65012.465151] tiering-eligible process: 35991
[65012.465219] tiering-eligible process: 35991
[65012.465284] tiering-eligible process: 35991
[65012.465342] tiering-eligible process: 35991
[65012.465400] tiering-eligible process: 35991
[65012.465457] tiering-eligible process: 35991
[65012.465515] tiering-eligible process: 35991
[65012.465572] tiering-eligible process: 35991
[65012.465630] tiering-eligible process: 35991
[65012.465687] tiering-eligible process: 35991
[65012.465745] tiering-eligible process: 35991
[65012.465803] tiering-eligible process: 35991
[65012.465861] tiering-eligible process: 35991
[65012.465918] tiering-eligible process: 35991
[65012.465976] tiering-eligible process: 35991
[65012.466042] tiering-eligible process: 35991
[65012.466109] tiering-eligible process: 35991
[65012.466168] tiering-eligible process: 35991
[65012.466238] tiering-eligible process: 35991
[65012.466305] tiering-eligible process: 35991
[65012.466363] tiering-eligible process: 35991
[65012.466421] tiering-eligible process: 35991
[65012.466478] tiering-eligible process: 35991
[65012.466536] tiering-eligible process: 35991
[65012.466594] tiering-eligible process: 35991
[65012.466652] tiering-eligible process: 35991
[65012.466710] tiering-eligible process: 35991
[65012.466767] tiering-eligible process: 35991
[65012.466825] tiering-eligible process: 35991
[65012.466882] tiering-eligible process: 35991
[65012.466940] tiering-eligible process: 35991
[65012.466998] tiering-eligible process: 35991
[65012.467067] tiering-eligible process: 35991
[65012.467129] tiering-eligible process: 35991
[65012.467187] tiering-eligible process: 35991
[65012.467256] tiering-eligible process: 35991
[65012.467314] tiering-eligible process: 35991
[65012.467372] tiering-eligible process: 35991
[65012.467429] tiering-eligible process: 35991
[65012.467487] tiering-eligible process: 35991
[65012.467544] tiering-eligible process: 35991
[65012.467602] tiering-eligible process: 35991
[65012.467660] tiering-eligible process: 35991
[65012.467717] tiering-eligible process: 35991
[65012.467775] tiering-eligible process: 35991
[65012.467833] tiering-eligible process: 35991
[65012.467890] tiering-eligible process: 35991
[65012.467948] tiering-eligible process: 35991
[65012.468005] tiering-eligible process: 35991
[65012.468076] tiering-eligible process: 35991
[65012.468134] tiering-eligible process: 35991
[65012.468193] tiering-eligible process: 35991
[65012.468261] tiering-eligible process: 35991
[65012.468319] tiering-eligible process: 35991
[65012.468377] tiering-eligible process: 35991
[65012.468434] tiering-eligible process: 35991
[65012.468492] tiering-eligible process: 35991
[65012.468550] tiering-eligible process: 35991
[65012.468607] tiering-eligible process: 35991
[65012.468665] tiering-eligible process: 35991
[65012.468723] tiering-eligible process: 35991
[65012.468780] tiering-eligible process: 35991
[65012.468838] tiering-eligible process: 35991
[65012.468896] tiering-eligible process: 35991
[65012.468953] tiering-eligible process: 35991
[65012.469011] tiering-eligible process: 35991
[65012.469079] tiering-eligible process: 35991
[65012.469142] tiering-eligible process: 35991
[65012.469200] tiering-eligible process: 35991
[65012.469260] tiering-eligible process: 35991
[65012.469329] tiering-eligible process: 35991
[65012.469395] tiering-eligible process: 35991
[65012.469453] tiering-eligible process: 35991
[65012.469511] tiering-eligible process: 35991
[65012.469569] tiering-eligible process: 35991
[65012.469626] tiering-eligible process: 35991
[65012.469684] tiering-eligible process: 35991
[65012.469742] tiering-eligible process: 35991
[65012.469800] tiering-eligible process: 35991
[65012.469857] tiering-eligible process: 35991
[65012.469915] tiering-eligible process: 35991
[65012.469972] tiering-eligible process: 35991
[65012.470030] tiering-eligible process: 35991
[65012.470101] tiering-eligible process: 35991
[65012.470158] tiering-eligible process: 35991
[65012.470216] tiering-eligible process: 35991
[65012.470283] tiering-eligible process: 35991
[65012.470341] tiering-eligible process: 35991
[65012.470399] tiering-eligible process: 35991
[65012.470457] tiering-eligible process: 35991
[65012.470514] tiering-eligible process: 35991
[65012.470572] tiering-eligible process: 35991
[65012.470629] tiering-eligible process: 35991
[65012.470687] tiering-eligible process: 35991
[65012.470745] tiering-eligible process: 35991
[65012.470802] tiering-eligible process: 35991
[65012.470860] tiering-eligible process: 35991
[65012.470918] tiering-eligible process: 35991
[65012.470975] tiering-eligible process: 35991
[65012.471040] tiering-eligible process: 35991
[65012.471106] tiering-eligible process: 35991
[65012.471165] tiering-eligible process: 35991
[65012.471236] tiering-eligible process: 35991
[65012.471301] tiering-eligible process: 35991
[65012.471359] tiering-eligible process: 35991
[65012.471417] tiering-eligible process: 35991
[65012.471474] tiering-eligible process: 35991
[65012.471532] tiering-eligible process: 35991
[65012.471590] tiering-eligible process: 35991
[65012.471647] tiering-eligible process: 35991
[65012.471705] tiering-eligible process: 35991
[65012.471762] tiering-eligible process: 35991
[65012.471820] tiering-eligible process: 35991
[65012.471878] tiering-eligible process: 35991
[65012.471935] tiering-eligible process: 35991
[65012.471992] tiering-eligible process: 35991
[65012.472061] tiering-eligible process: 35991
[65012.472125] tiering-eligible process: 35991
[65012.472183] tiering-eligible process: 35991
[65012.472254] tiering-eligible process: 35991
[65012.472312] tiering-eligible process: 35991
[65012.472370] tiering-eligible process: 35991
[65012.472428] tiering-eligible process: 35991
[65012.472485] tiering-eligible process: 35991
[65012.472543] tiering-eligible process: 35991
[65012.472600] tiering-eligible process: 35991
[65012.472658] tiering-eligible process: 35991
[65012.472716] tiering-eligible process: 35991
[65012.472773] tiering-eligible process: 35991
[65012.472831] tiering-eligible process: 35991
[65012.472888] tiering-eligible process: 35991
[65012.472946] tiering-eligible process: 35991
[65012.473004] tiering-eligible process: 35991
[65012.473364] tiering-eligible process: 35991
[65012.473423] tiering-eligible process: 35991
[65012.473491] tiering-eligible process: 35991
[65012.473556] tiering-eligible process: 35991
[65012.473614] tiering-eligible process: 35991
[65012.473672] tiering-eligible process: 35991
[65012.473730] tiering-eligible process: 35991
[65012.473788] tiering-eligible process: 35991
[65012.473845] tiering-eligible process: 35991
[65012.473903] tiering-eligible process: 35991
[65012.473961] tiering-eligible process: 35991
[65012.474018] tiering-eligible process: 35991
[65012.474087] tiering-eligible process: 35991
[65012.474145] tiering-eligible process: 35991
[65012.474213] tiering-eligible process: 35991
[65012.474271] tiering-eligible process: 35991
[65012.474329] tiering-eligible process: 35991
[65012.474386] tiering-eligible process: 35991
[65012.474444] tiering-eligible process: 35991
[65012.474502] tiering-eligible process: 35991
[65012.474559] tiering-eligible process: 35991
[65012.474617] tiering-eligible process: 35991
[65012.474675] tiering-eligible process: 35991
[65012.474733] tiering-eligible process: 35991
[65012.474790] tiering-eligible process: 35991
[65012.474848] tiering-eligible process: 35991
[65012.474906] tiering-eligible process: 35991
[65012.474963] tiering-eligible process: 35991
[65012.475021] tiering-eligible process: 35991
[65012.475089] tiering-eligible process: 35991
[65012.475147] tiering-eligible process: 35991
[65012.475218] tiering-eligible process: 35991
[65012.475283] tiering-eligible process: 35991
[65012.475349] tiering-eligible process: 35991
[65012.475407] tiering-eligible process: 35991
[65012.475464] tiering-eligible process: 35991
[65012.475522] tiering-eligible process: 35991
[65012.475580] tiering-eligible process: 35991
[65012.475638] tiering-eligible process: 35991
[65012.475695] tiering-eligible process: 35991
[65012.475753] tiering-eligible process: 35991
[65012.475811] tiering-eligible process: 35991
[65012.475868] tiering-eligible process: 35991
[65012.475926] tiering-eligible process: 35991
[65012.475984] tiering-eligible process: 35991
[65012.476056] tiering-eligible process: 35991
[65012.476120] tiering-eligible process: 35991
[65012.476180] tiering-eligible process: 35991
[65012.476248] tiering-eligible process: 35991
[65012.476314] tiering-eligible process: 35991
[65012.476373] tiering-eligible process: 35991
[65012.476431] tiering-eligible process: 35991
[65012.476488] tiering-eligible process: 35991
[65012.476546] tiering-eligible process: 35991
[65012.476603] tiering-eligible process: 35991
[65012.476661] tiering-eligible process: 35991
[65012.476719] tiering-eligible process: 35991
[65012.476776] tiering-eligible process: 35991
[65012.476834] tiering-eligible process: 35991
[65012.476891] tiering-eligible process: 35991
[65012.476949] tiering-eligible process: 35991
[65012.477007] tiering-eligible process: 35991
[65012.477075] tiering-eligible process: 35991
[65012.477137] tiering-eligible process: 35991
[65012.477195] tiering-eligible process: 35991
[65012.477264] tiering-eligible process: 35991
[65012.477329] tiering-eligible process: 35991
[65012.477387] tiering-eligible process: 35991
[65012.477444] tiering-eligible process: 35991
[65012.477502] tiering-eligible process: 35991
[65012.477560] tiering-eligible process: 35991
[65012.477617] tiering-eligible process: 35991
[65012.477675] tiering-eligible process: 35991
[65012.477732] tiering-eligible process: 35991
[65012.477790] tiering-eligible process: 35991
[65012.477848] tiering-eligible process: 35991
[65012.477905] tiering-eligible process: 35991
[65012.477963] tiering-eligible process: 35991
[65012.478021] tiering-eligible process: 35991
[65012.478090] tiering-eligible process: 35991
[65012.478148] tiering-eligible process: 35991
[65012.478216] tiering-eligible process: 35991
[65012.478281] tiering-eligible process: 35991
[65012.478339] tiering-eligible process: 35991
[65012.478397] tiering-eligible process: 35991
[65012.478455] tiering-eligible process: 35991
[65012.478512] tiering-eligible process: 35991
[65012.478570] tiering-eligible process: 35991
[65012.478627] tiering-eligible process: 35991
[65012.478685] tiering-eligible process: 35991
[65012.478743] tiering-eligible process: 35991
[65012.478800] tiering-eligible process: 35991
[65012.478858] tiering-eligible process: 35991
[65012.478915] tiering-eligible process: 35991
[65012.478973] tiering-eligible process: 35991
[65012.479030] tiering-eligible process: 35991
[65012.479100] tiering-eligible process: 35991
[65012.479158] tiering-eligible process: 35991
[65012.479228] tiering-eligible process: 35991
[65012.479293] tiering-eligible process: 35991
[65012.479351] tiering-eligible process: 35991
[65012.479409] tiering-eligible process: 35991
[65012.479467] tiering-eligible process: 35991
[65012.479524] tiering-eligible process: 35991
[65012.479582] tiering-eligible process: 35991
[65012.479639] tiering-eligible process: 35991
[65012.479697] tiering-eligible process: 35991
[65012.479755] tiering-eligible process: 35991
[65012.479812] tiering-eligible process: 35991
[65012.479870] tiering-eligible process: 35991
[65012.479927] tiering-eligible process: 35991
[65012.479985] tiering-eligible process: 35991
[65012.480054] tiering-eligible process: 35991
[65012.480118] tiering-eligible process: 35991
[65012.480178] tiering-eligible process: 35991
[65012.480248] tiering-eligible process: 35991
[65012.480314] tiering-eligible process: 35991
[65012.480372] tiering-eligible process: 35991
[65012.480430] tiering-eligible process: 35991
[65012.480487] tiering-eligible process: 35991
[65012.480545] tiering-eligible process: 35991
[65012.480603] tiering-eligible process: 35991
[65012.480660] tiering-eligible process: 35991
[65012.480718] tiering-eligible process: 35991
[65012.480775] tiering-eligible process: 35991
[65012.480833] tiering-eligible process: 35991
[65012.480890] tiering-eligible process: 35991
[65012.480948] tiering-eligible process: 35991
[65012.481005] tiering-eligible process: 35991
[65012.481075] tiering-eligible process: 35991
[65012.481134] tiering-eligible process: 35991
[65012.481192] tiering-eligible process: 35991
[65012.481262] tiering-eligible process: 35991
[65012.481320] tiering-eligible process: 35991
[65012.481377] tiering-eligible process: 35991
[65012.481435] tiering-eligible process: 35991
[65012.481493] tiering-eligible process: 35991
[65012.481550] tiering-eligible process: 35991
[65012.481608] tiering-eligible process: 35991
[65012.481665] tiering-eligible process: 35991
[65012.481723] tiering-eligible process: 35991
[65012.481781] tiering-eligible process: 35991
[65012.481838] tiering-eligible process: 35991
[65012.481896] tiering-eligible process: 35991
[65012.481953] tiering-eligible process: 35991
[65012.482011] tiering-eligible process: 35991
[65012.482082] tiering-eligible process: 35991
[65012.482140] tiering-eligible process: 35991
[65012.482200] tiering-eligible process: 35991
[65012.482268] tiering-eligible process: 35991
[65012.482326] tiering-eligible process: 35991
[65012.482383] tiering-eligible process: 35991
[65012.482441] tiering-eligible process: 35991
[65012.482499] tiering-eligible process: 35991
[65012.482556] tiering-eligible process: 35991
[65012.482614] tiering-eligible process: 35991
[65012.482672] tiering-eligible process: 35991
[65012.482729] tiering-eligible process: 35991
[65012.482787] tiering-eligible process: 35991
[65012.482844] tiering-eligible process: 35991
[65012.482902] tiering-eligible process: 35991
[65012.482959] tiering-eligible process: 35991
[65012.483017] tiering-eligible process: 35991
[65012.483085] tiering-eligible process: 35991
[65012.483143] tiering-eligible process: 35991
[65012.483212] tiering-eligible process: 35991
[65012.483279] tiering-eligible process: 35991
[65012.483344] tiering-eligible process: 35991
[65012.483402] tiering-eligible process: 35991
[65012.483460] tiering-eligible process: 35991
[65012.483517] tiering-eligible process: 35991
[65012.483575] tiering-eligible process: 35991
[65012.483633] tiering-eligible process: 35991
[65012.483690] tiering-eligible process: 35991
[65012.483748] tiering-eligible process: 35991
[65012.483806] tiering-eligible process: 35991
[65012.483864] tiering-eligible process: 35991
[65012.483921] tiering-eligible process: 35991
[65012.483979] tiering-eligible process: 35991
[65012.484044] tiering-eligible process: 35991
[65012.484109] tiering-eligible process: 35991
[65012.484167] tiering-eligible process: 35991
[65012.484225] tiering-eligible process: 35991
[65012.484291] tiering-eligible process: 35991
[65012.484349] tiering-eligible process: 35991
[65012.484406] tiering-eligible process: 35991
[65012.484464] tiering-eligible process: 35991
[65012.484522] tiering-eligible process: 35991
[65012.484579] tiering-eligible process: 35991
[65012.484637] tiering-eligible process: 35991
[65012.484695] tiering-eligible process: 35991
[65012.484752] tiering-eligible process: 35991
[65012.484810] tiering-eligible process: 35991
[65012.484867] tiering-eligible process: 35991
[65012.484925] tiering-eligible process: 35991
[65012.484982] tiering-eligible process: 35991
[65012.485048] tiering-eligible process: 35991
[65012.485112] tiering-eligible process: 35991
[65012.485170] tiering-eligible process: 35991
[65012.485238] tiering-eligible process: 35991
[65012.485305] tiering-eligible process: 35991
[65012.485363] tiering-eligible process: 35991
[65012.485420] tiering-eligible process: 35991
[65012.485478] tiering-eligible process: 35991
[65012.485535] tiering-eligible process: 35991
[65012.485593] tiering-eligible process: 35991
[65012.485650] tiering-eligible process: 35991
[65012.485708] tiering-eligible process: 35991
[65012.485766] tiering-eligible process: 35991
[65012.485823] tiering-eligible process: 35991
[65012.485881] tiering-eligible process: 35991
[65012.485938] tiering-eligible process: 35991
[65012.485996] tiering-eligible process: 35991
[65012.486067] tiering-eligible process: 35991
[65012.486130] tiering-eligible process: 35991
[65012.486188] tiering-eligible process: 35991
[65012.486256] tiering-eligible process: 35991
[65012.486314] tiering-eligible process: 35991
[65012.486372] tiering-eligible process: 35991
[65012.486429] tiering-eligible process: 35991
[65012.486487] tiering-eligible process: 35991
[65012.486545] tiering-eligible process: 35991
[65012.486602] tiering-eligible process: 35991
[65012.486660] tiering-eligible process: 35991
[65012.486718] tiering-eligible process: 35991
[65012.486775] tiering-eligible process: 35991
[65012.486833] tiering-eligible process: 35991
[65012.486891] tiering-eligible process: 35991
[65012.486948] tiering-eligible process: 35991
[65012.487006] tiering-eligible process: 35991
[65012.487073] tiering-eligible process: 35991
[65012.487133] tiering-eligible process: 35991
[65012.487191] tiering-eligible process: 35991
[65012.487259] tiering-eligible process: 35991
[65012.487325] tiering-eligible process: 35991
[65012.487383] tiering-eligible process: 35991
[65012.487440] tiering-eligible process: 35991
[65012.487498] tiering-eligible process: 35991
[65012.487556] tiering-eligible process: 35991
[65012.487613] tiering-eligible process: 35991
[65012.487671] tiering-eligible process: 35991
[65012.487728] tiering-eligible process: 35991
[65012.487786] tiering-eligible process: 35991
[65012.487844] tiering-eligible process: 35991
[65012.487901] tiering-eligible process: 35991
[65012.487959] tiering-eligible process: 35991
[65012.488017] tiering-eligible process: 35991
[65012.488086] tiering-eligible process: 35991
[65012.488144] tiering-eligible process: 35991
[65012.488213] tiering-eligible process: 35991
[65012.488279] tiering-eligible process: 35991
[65012.488345] tiering-eligible process: 35991
[65012.488403] tiering-eligible process: 35991
[65012.488460] tiering-eligible process: 35991
[65012.488518] tiering-eligible process: 35991
[65012.488576] tiering-eligible process: 35991
[65012.488633] tiering-eligible process: 35991
[65012.488691] tiering-eligible process: 35991
[65012.488748] tiering-eligible process: 35991
[65012.488806] tiering-eligible process: 35991
[65012.488864] tiering-eligible process: 35991
[65012.488921] tiering-eligible process: 35991
[65012.488979] tiering-eligible process: 35991
[65012.489044] tiering-eligible process: 35991
[65012.489110] tiering-eligible process: 35991
[65012.489167] tiering-eligible process: 35991
[65012.489225] tiering-eligible process: 35991
[65012.489291] tiering-eligible process: 35991
[65012.489349] tiering-eligible process: 35991
[65012.489407] tiering-eligible process: 35991
[65012.489465] tiering-eligible process: 35991
[65012.489522] tiering-eligible process: 35991
[65012.489580] tiering-eligible process: 35991
[65012.489638] tiering-eligible process: 35991
[65012.489695] tiering-eligible process: 35991
[65012.489753] tiering-eligible process: 35991
[65012.489810] tiering-eligible process: 35991
[65012.489868] tiering-eligible process: 35991
[65012.489926] tiering-eligible process: 35991
[65012.489983] tiering-eligible process: 35991
[65012.490048] tiering-eligible process: 35991
[65012.490111] tiering-eligible process: 35991
[65012.490168] tiering-eligible process: 35991
[65012.490237] tiering-eligible process: 35991
[65012.490304] tiering-eligible process: 35991
[65012.490362] tiering-eligible process: 35991
[65012.490419] tiering-eligible process: 35991
[65012.490477] tiering-eligible process: 35991
[65012.490535] tiering-eligible process: 35991
[65012.490592] tiering-eligible process: 35991
[65012.490650] tiering-eligible process: 35991
[65012.490708] tiering-eligible process: 35991
[65012.490765] tiering-eligible process: 35991
[65012.490823] tiering-eligible process: 35991
[65012.490881] tiering-eligible process: 35991
[65012.490938] tiering-eligible process: 35991
[65012.490996] tiering-eligible process: 35991
[65012.491063] tiering-eligible process: 35991
[65012.491128] tiering-eligible process: 35991
[65012.491186] tiering-eligible process: 35991
[65012.491254] tiering-eligible process: 35991
[65012.491319] tiering-eligible process: 35991
[65012.491377] tiering-eligible process: 35991
[65012.491435] tiering-eligible process: 35991
[65012.491493] tiering-eligible process: 35991
[65012.491551] tiering-eligible process: 35991
[65012.491608] tiering-eligible process: 35991
[65012.491666] tiering-eligible process: 35991
[65012.491724] tiering-eligible process: 35991
[65012.491781] tiering-eligible process: 35991
[65012.491839] tiering-eligible process: 35991
[65012.491897] tiering-eligible process: 35991
[65012.491954] tiering-eligible process: 35991
[65012.492012] tiering-eligible process: 35991
[65012.492083] tiering-eligible process: 35991
[65012.492141] tiering-eligible process: 35991
[65012.492209] tiering-eligible process: 35991
[65012.492275] tiering-eligible process: 35991
[65012.492333] tiering-eligible process: 35991
[65012.492391] tiering-eligible process: 35991
[65012.492448] tiering-eligible process: 35991
[65012.492506] tiering-eligible process: 35991
[65012.492564] tiering-eligible process: 35991
[65012.492621] tiering-eligible process: 35991
[65012.492679] tiering-eligible process: 35991
[65012.492737] tiering-eligible process: 35991
[65012.492794] tiering-eligible process: 35991
[65012.492852] tiering-eligible process: 35991
[65012.492910] tiering-eligible process: 35991
[65012.492967] tiering-eligible process: 35991
[65012.493025] tiering-eligible process: 35991
[65012.493093] tiering-eligible process: 35991
[65012.493151] tiering-eligible process: 35991
[65012.493223] tiering-eligible process: 35991
[65012.493288] tiering-eligible process: 35991
[65012.493346] tiering-eligible process: 35991
[65012.493404] tiering-eligible process: 35991
[65012.493462] tiering-eligible process: 35991
[65012.493519] tiering-eligible process: 35991
[65012.493577] tiering-eligible process: 35991
[65012.493634] tiering-eligible process: 35991
[65012.493692] tiering-eligible process: 35991
[65012.493750] tiering-eligible process: 35991
[65012.493807] tiering-eligible process: 35991
[65012.493865] tiering-eligible process: 35991
[65012.493923] tiering-eligible process: 35991
[65012.493980] tiering-eligible process: 35991
[65012.494045] tiering-eligible process: 35991
[65012.494110] tiering-eligible process: 35991
[65012.494168] tiering-eligible process: 35991
[65012.494227] tiering-eligible process: 35991
[65012.494292] tiering-eligible process: 35991
[65012.494350] tiering-eligible process: 35991
[65012.494408] tiering-eligible process: 35991
[65012.494466] tiering-eligible process: 35991
[65012.494523] tiering-eligible process: 35991
[65012.494581] tiering-eligible process: 35991
[65012.494638] tiering-eligible process: 35991
[65012.494696] tiering-eligible process: 35991
[65012.494754] tiering-eligible process: 35991
[65012.494811] tiering-eligible process: 35991
[65012.494869] tiering-eligible process: 35991
[65012.494926] tiering-eligible process: 35991
[65012.494984] tiering-eligible process: 35991
[65012.495050] tiering-eligible process: 35991
[65012.495113] tiering-eligible process: 35991
[65012.495171] tiering-eligible process: 35991
[65012.495239] tiering-eligible process: 35991
[65012.495305] tiering-eligible process: 35991
[65012.495362] tiering-eligible process: 35991
[65012.495420] tiering-eligible process: 35991
[65012.495478] tiering-eligible process: 35991
[65012.495535] tiering-eligible process: 35991
[65012.495593] tiering-eligible process: 35991
[65012.495651] tiering-eligible process: 35991
[65012.495708] tiering-eligible process: 35991
[65012.495766] tiering-eligible process: 35991
[65012.495824] tiering-eligible process: 35991
[65012.495881] tiering-eligible process: 35991
[65012.495939] tiering-eligible process: 35991
[65012.495997] tiering-eligible process: 35991
[65012.496070] tiering-eligible process: 35991
[65012.496134] tiering-eligible process: 35991
[65012.496194] tiering-eligible process: 35991
[65012.496263] tiering-eligible process: 35991
[65012.496328] tiering-eligible process: 35991
[65012.496387] tiering-eligible process: 35991
[65012.496444] tiering-eligible process: 35991
[65012.496502] tiering-eligible process: 35991
[65012.496559] tiering-eligible process: 35991
[65012.496617] tiering-eligible process: 35991
[65012.496675] tiering-eligible process: 35991
[65012.496732] tiering-eligible process: 35991
[65012.496790] tiering-eligible process: 35991
[65012.496847] tiering-eligible process: 35991
[65012.496905] tiering-eligible process: 35991
[65012.496962] tiering-eligible process: 35991
[65012.497020] tiering-eligible process: 35991
[65012.497087] tiering-eligible process: 35991
[65012.497145] tiering-eligible process: 35991
[65012.497216] tiering-eligible process: 35991
[65012.497281] tiering-eligible process: 35991
[65012.497339] tiering-eligible process: 35991
[65012.497396] tiering-eligible process: 35991
[65012.497454] tiering-eligible process: 35991
[65012.497512] tiering-eligible process: 35991
[65012.497569] tiering-eligible process: 35991
[65012.497627] tiering-eligible process: 35991
[65012.497684] tiering-eligible process: 35991
[65012.497742] tiering-eligible process: 35991
[65012.497800] tiering-eligible process: 35991
[65012.497857] tiering-eligible process: 35991
[65012.497915] tiering-eligible process: 35991
[65012.497973] tiering-eligible process: 35991
[65012.498030] tiering-eligible process: 35991
[65012.498100] tiering-eligible process: 35991
[65012.498158] tiering-eligible process: 35991
[65012.498227] tiering-eligible process: 35991
[65012.498294] tiering-eligible process: 35991
[65012.498352] tiering-eligible process: 35991
[65012.498410] tiering-eligible process: 35991
[65012.498468] tiering-eligible process: 35991
[65012.498526] tiering-eligible process: 35991
[65012.498583] tiering-eligible process: 35991
[65012.498641] tiering-eligible process: 35991
[65012.498699] tiering-eligible process: 35991
[65012.498756] tiering-eligible process: 35991
[65012.498814] tiering-eligible process: 35991
[65012.498872] tiering-eligible process: 35991
[65012.498929] tiering-eligible process: 35991
[65012.498987] tiering-eligible process: 35991
[65012.499055] tiering-eligible process: 35991
[65012.499117] tiering-eligible process: 35991
[65012.499175] tiering-eligible process: 35991
[65012.499232] tiering-eligible process: 35991
[65012.499300] tiering-eligible process: 35991
[65012.499358] tiering-eligible process: 35991
[65012.499416] tiering-eligible process: 35991
[65012.499474] tiering-eligible process: 35991
[65012.499531] tiering-eligible process: 35991
[65012.499589] tiering-eligible process: 35991
[65012.499647] tiering-eligible process: 35991
[65012.499704] tiering-eligible process: 35991
[65012.499762] tiering-eligible process: 35991
[65012.499820] tiering-eligible process: 35991
[65012.499877] tiering-eligible process: 35991
[65012.499935] tiering-eligible process: 35991
[65012.499993] tiering-eligible process: 35991
[65012.500060] tiering-eligible process: 35991
[65012.500124] tiering-eligible process: 35991
[65012.500182] tiering-eligible process: 35991
[65012.500254] tiering-eligible process: 35991
[65012.500319] tiering-eligible process: 35991
[65012.500377] tiering-eligible process: 35991
[65012.500435] tiering-eligible process: 35991
[65012.500493] tiering-eligible process: 35991
[65012.500551] tiering-eligible process: 35991
[65012.500608] tiering-eligible process: 35991
[65012.500666] tiering-eligible process: 35991
[65012.500724] tiering-eligible process: 35991
[65012.500781] tiering-eligible process: 35991
[65012.500839] tiering-eligible process: 35991
[65012.500897] tiering-eligible process: 35991
[65012.500955] tiering-eligible process: 35991
[65012.501012] tiering-eligible process: 35991
[65012.501082] tiering-eligible process: 35991
[65012.501140] tiering-eligible process: 35991
[65012.501198] tiering-eligible process: 35991
[65012.501267] tiering-eligible process: 35991
[65012.501332] tiering-eligible process: 35991
[65012.501390] tiering-eligible process: 35991
[65012.501448] tiering-eligible process: 35991
[65012.501506] tiering-eligible process: 35991
[65012.501563] tiering-eligible process: 35991
[65012.501621] tiering-eligible process: 35991
[65012.501679] tiering-eligible process: 35991
[65012.501737] tiering-eligible process: 35991
[65012.501794] tiering-eligible process: 35991
[65012.501852] tiering-eligible process: 35991
[65012.501909] tiering-eligible process: 35991
[65012.501967] tiering-eligible process: 35991
[65012.502025] tiering-eligible process: 35991
[65012.502093] tiering-eligible process: 35991
[65012.502151] tiering-eligible process: 35991
[65012.502209] tiering-eligible process: 35991
[65012.502277] tiering-eligible process: 35991
[65012.502335] tiering-eligible process: 35991
[65012.502393] tiering-eligible process: 35991
[65012.502451] tiering-eligible process: 35991
[65012.502508] tiering-eligible process: 35991
[65012.502566] tiering-eligible process: 35991
[65012.502624] tiering-eligible process: 35991
[65012.502681] tiering-eligible process: 35991
[65012.502739] tiering-eligible process: 35991
[65012.502797] tiering-eligible process: 35991
[65012.502854] tiering-eligible process: 35991
[65012.502912] tiering-eligible process: 35991
[65012.502970] tiering-eligible process: 35991
[65012.503027] tiering-eligible process: 35991
[65012.503095] tiering-eligible process: 35991
[65012.503153] tiering-eligible process: 35991
[65012.503223] tiering-eligible process: 35991
[65012.503288] tiering-eligible process: 35991
[65012.503346] tiering-eligible process: 35991
[65012.503404] tiering-eligible process: 35991
[65012.503462] tiering-eligible process: 35991
[65012.503520] tiering-eligible process: 35991
[65012.503577] tiering-eligible process: 35991
[65012.503635] tiering-eligible process: 35991
[65012.503693] tiering-eligible process: 35991
[65012.503750] tiering-eligible process: 35991
[65012.503808] tiering-eligible process: 35991
[65012.503866] tiering-eligible process: 35991
[65012.503923] tiering-eligible process: 35991
[65012.503981] tiering-eligible process: 35991
[65012.504046] tiering-eligible process: 35991
[65012.504110] tiering-eligible process: 35991
[65012.504169] tiering-eligible process: 35991
[65012.504226] tiering-eligible process: 35991
[65012.504293] tiering-eligible process: 35991
[65012.504351] tiering-eligible process: 35991
[65012.504409] tiering-eligible process: 35991
[65012.504467] tiering-eligible process: 35991
[65012.504524] tiering-eligible process: 35991
[65012.504582] tiering-eligible process: 35991
[65012.504640] tiering-eligible process: 35991
[65012.504697] tiering-eligible process: 35991
[65012.504755] tiering-eligible process: 35991
[65012.504813] tiering-eligible process: 35991
[65012.504871] tiering-eligible process: 35991
[65012.504928] tiering-eligible process: 35991
[65012.504986] tiering-eligible process: 35991
[65012.505051] tiering-eligible process: 35991
[65012.505112] tiering-eligible process: 35991
[65012.505170] tiering-eligible process: 35991
[65012.505230] tiering-eligible process: 35991
[65012.505299] tiering-eligible process: 35991
[65012.505357] tiering-eligible process: 35991
[65012.505415] tiering-eligible process: 35991
[65012.505472] tiering-eligible process: 35991
[65012.505530] tiering-eligible process: 35991
[65012.505588] tiering-eligible process: 35991
[65012.505645] tiering-eligible process: 35991
[65012.505703] tiering-eligible process: 35991
[65012.505761] tiering-eligible process: 35991
[65012.505818] tiering-eligible process: 35991
[65012.505876] tiering-eligible process: 35991
[65012.505934] tiering-eligible process: 35991
[65012.505991] tiering-eligible process: 35991
[65012.506061] tiering-eligible process: 35991
[65012.506126] tiering-eligible process: 35991
[65012.506184] tiering-eligible process: 35991
[65012.506252] tiering-eligible process: 35991
[65012.506318] tiering-eligible process: 35991
[65012.506383] tiering-eligible process: 35991
[65012.506441] tiering-eligible process: 35991
[65012.506499] tiering-eligible process: 35991
[65012.506557] tiering-eligible process: 35991
[65012.506614] tiering-eligible process: 35991
[65012.506672] tiering-eligible process: 35991
[65012.506730] tiering-eligible process: 35991
[65012.506787] tiering-eligible process: 35991
[65012.506845] tiering-eligible process: 35991
[65012.506902] tiering-eligible process: 35991
[65012.506960] tiering-eligible process: 35991
[65012.507018] tiering-eligible process: 35991
[65012.507086] tiering-eligible process: 35991
[65012.507149] tiering-eligible process: 35991
[65012.507207] tiering-eligible process: 35991
[65012.507265] tiering-eligible process: 35991
[65012.507335] tiering-eligible process: 35991
[65012.507394] tiering-eligible process: 35991
[65012.507452] tiering-eligible process: 35991
[65012.507509] tiering-eligible process: 35991
[65012.507567] tiering-eligible process: 35991
[65012.507625] tiering-eligible process: 35991
[65012.507682] tiering-eligible process: 35991
[65012.507740] tiering-eligible process: 35991
[65012.507798] tiering-eligible process: 35991
[65012.507855] tiering-eligible process: 35991
[65012.507913] tiering-eligible process: 35991
[65012.507971] tiering-eligible process: 35991
[65012.508029] tiering-eligible process: 35991
[65012.508097] tiering-eligible process: 35991
[65012.508155] tiering-eligible process: 35991
[65012.508223] tiering-eligible process: 35991
[65012.508289] tiering-eligible process: 35991
[65012.508347] tiering-eligible process: 35991
[65012.508405] tiering-eligible process: 35991
[65012.508462] tiering-eligible process: 35991
[65012.508520] tiering-eligible process: 35991
[65012.508578] tiering-eligible process: 35991
[65012.508636] tiering-eligible process: 35991
[65012.508694] tiering-eligible process: 35991
[65012.508751] tiering-eligible process: 35991
[65012.508809] tiering-eligible process: 35991
[65012.508867] tiering-eligible process: 35991
[65012.508924] tiering-eligible process: 35991
[65012.508982] tiering-eligible process: 35991
[65012.509046] tiering-eligible process: 35991
[65012.509110] tiering-eligible process: 35991
[65012.509168] tiering-eligible process: 35991
[65012.509226] tiering-eligible process: 35991
[65012.509293] tiering-eligible process: 35991
[65012.509351] tiering-eligible process: 35991
[65012.509409] tiering-eligible process: 35991
[65012.509467] tiering-eligible process: 35991
[65012.509524] tiering-eligible process: 35991
[65012.509582] tiering-eligible process: 35991
[65012.509639] tiering-eligible process: 35991
[65012.509697] tiering-eligible process: 35991
[65012.509755] tiering-eligible process: 35991
[65012.509812] tiering-eligible process: 35991
[65012.509870] tiering-eligible process: 35991
[65012.509928] tiering-eligible process: 35991
[65012.509985] tiering-eligible process: 35991
[65012.510048] tiering-eligible process: 35991
[65012.510111] tiering-eligible process: 35991
[65012.510179] tiering-eligible process: 35991
[65012.510246] tiering-eligible process: 35991
[65012.510311] tiering-eligible process: 35991
[65012.510369] tiering-eligible process: 35991
[65012.510427] tiering-eligible process: 35991
[65012.510484] tiering-eligible process: 35991
[65012.510542] tiering-eligible process: 35991
[65012.510600] tiering-eligible process: 35991
[65012.510657] tiering-eligible process: 35991
[65012.510715] tiering-eligible process: 35991
[65012.510772] tiering-eligible process: 35991
[65012.510830] tiering-eligible process: 35991
[65012.510887] tiering-eligible process: 35991
[65012.510945] tiering-eligible process: 35991
[65012.511003] tiering-eligible process: 35991
[65012.511069] tiering-eligible process: 35991
[65012.511132] tiering-eligible process: 35991
[65012.511190] tiering-eligible process: 35991
[65012.511257] tiering-eligible process: 35991
[65012.511323] tiering-eligible process: 35991
[65012.511381] tiering-eligible process: 35991
[65012.511439] tiering-eligible process: 35991
[65012.511497] tiering-eligible process: 35991
[65012.511555] tiering-eligible process: 35991
[65012.511612] tiering-eligible process: 35991
[65012.511670] tiering-eligible process: 35991
[65012.511728] tiering-eligible process: 35991
[65012.511785] tiering-eligible process: 35991
[65012.511843] tiering-eligible process: 35991
[65012.511901] tiering-eligible process: 35991
[65012.511958] tiering-eligible process: 35991
[65012.512016] tiering-eligible process: 35991
[65012.512086] tiering-eligible process: 35991
[65012.512145] tiering-eligible process: 35991
[65012.512203] tiering-eligible process: 35991
[65012.512271] tiering-eligible process: 35991
[65012.512329] tiering-eligible process: 35991
[65012.512387] tiering-eligible process: 35991
[65012.512445] tiering-eligible process: 35991
[65012.512502] tiering-eligible process: 35991
[65012.512560] tiering-eligible process: 35991
[65012.512618] tiering-eligible process: 35991
[65012.512675] tiering-eligible process: 35991
[65012.512733] tiering-eligible process: 35991
[65012.512791] tiering-eligible process: 35991
[65012.512848] tiering-eligible process: 35991
[65012.512906] tiering-eligible process: 35991
[65012.512963] tiering-eligible process: 35991
[65012.513021] tiering-eligible process: 35991
[65012.513089] tiering-eligible process: 35991
[65012.513147] tiering-eligible process: 35991
[65012.513218] tiering-eligible process: 35991
[65012.513283] tiering-eligible process: 35991
[65012.513341] tiering-eligible process: 35991
[65012.513398] tiering-eligible process: 35991
[65012.513456] tiering-eligible process: 35991
[65012.513514] tiering-eligible process: 35991
[65012.513571] tiering-eligible process: 35991
[65012.513629] tiering-eligible process: 35991
[65012.513687] tiering-eligible process: 35991
[65012.513745] tiering-eligible process: 35991
[65012.513802] tiering-eligible process: 35991
[65012.513860] tiering-eligible process: 35991
[65012.513918] tiering-eligible process: 35991
[65012.513975] tiering-eligible process: 35991
[65012.514033] tiering-eligible process: 35991
[65012.514104] tiering-eligible process: 35991
[65012.514161] tiering-eligible process: 35991
[65012.514230] tiering-eligible process: 35991
[65012.514296] tiering-eligible process: 35991
[65012.514355] tiering-eligible process: 35991
[65012.514412] tiering-eligible process: 35991
[65012.514470] tiering-eligible process: 35991
[65012.514528] tiering-eligible process: 35991
[65012.514585] tiering-eligible process: 35991
[65012.514643] tiering-eligible process: 35991
[65012.514701] tiering-eligible process: 35991
[65012.514759] tiering-eligible process: 35991
[65012.514816] tiering-eligible process: 35991
[65012.514874] tiering-eligible process: 35991
[65012.514932] tiering-eligible process: 35991
[65012.514989] tiering-eligible process: 35991
[65012.515058] tiering-eligible process: 35991
[65012.515122] tiering-eligible process: 35991
[65012.515179] tiering-eligible process: 35991
[65012.515242] tiering-eligible process: 35991
[65012.515308] tiering-eligible process: 35991
[65012.515366] tiering-eligible process: 35991
[65012.515424] tiering-eligible process: 35991
[65012.515482] tiering-eligible process: 35991
[65012.515539] tiering-eligible process: 35991
[65012.515597] tiering-eligible process: 35991
[65012.515655] tiering-eligible process: 35991
[65012.515712] tiering-eligible process: 35991
[65012.515770] tiering-eligible process: 35991
[65012.515828] tiering-eligible process: 35991
[65012.515886] tiering-eligible process: 35991
[65012.515943] tiering-eligible process: 35991
[65012.516001] tiering-eligible process: 35991
[65012.516074] tiering-eligible process: 35991
[65012.516135] tiering-eligible process: 35991
[65012.516192] tiering-eligible process: 35991
[65012.516260] tiering-eligible process: 35991
[65012.516318] tiering-eligible process: 35991
[65012.516376] tiering-eligible process: 35991
[65012.516434] tiering-eligible process: 35991
[65012.516491] tiering-eligible process: 35991
[65012.516549] tiering-eligible process: 35991
[65012.516607] tiering-eligible process: 35991
[65012.516664] tiering-eligible process: 35991
[65012.516722] tiering-eligible process: 35991
[65012.516780] tiering-eligible process: 35991
[65012.516838] tiering-eligible process: 35991
[65012.516895] tiering-eligible process: 35991
[65012.516954] tiering-eligible process: 35991
[65012.517012] tiering-eligible process: 35991
[65012.517081] tiering-eligible process: 35991
[65012.517140] tiering-eligible process: 35991
[65012.517198] tiering-eligible process: 35991
[65012.517268] tiering-eligible process: 35991
[65012.517326] tiering-eligible process: 35991
[65012.517384] tiering-eligible process: 35991
[65012.517442] tiering-eligible process: 35991
[65012.517500] tiering-eligible process: 35991
[65012.517557] tiering-eligible process: 35991
[65012.517615] tiering-eligible process: 35991
[65012.517673] tiering-eligible process: 35991
[65012.517731] tiering-eligible process: 35991
[65012.517789] tiering-eligible process: 35991
[65012.517846] tiering-eligible process: 35991
[65012.517904] tiering-eligible process: 35991
[65012.517962] tiering-eligible process: 35991
[65012.518020] tiering-eligible process: 35991
[65012.518087] tiering-eligible process: 35991
[65012.518146] tiering-eligible process: 35991
[65012.518214] tiering-eligible process: 35991
[65012.518279] tiering-eligible process: 35991
[65012.518338] tiering-eligible process: 35991
[65012.518395] tiering-eligible process: 35991
[65012.518453] tiering-eligible process: 35991
[65012.518511] tiering-eligible process: 35991
[65012.518568] tiering-eligible process: 35991
[65012.518626] tiering-eligible process: 35991
[65012.518684] tiering-eligible process: 35991
[65012.518742] tiering-eligible process: 35991
[65012.518800] tiering-eligible process: 35991
[65012.518857] tiering-eligible process: 35991
[65012.518915] tiering-eligible process: 35991
[65012.518973] tiering-eligible process: 35991
[65012.519031] tiering-eligible process: 35991
[65012.519099] tiering-eligible process: 35991
[65012.519157] tiering-eligible process: 35991
[65012.519225] tiering-eligible process: 35991
[65012.519290] tiering-eligible process: 35991
[65012.519349] tiering-eligible process: 35991
[65012.519407] tiering-eligible process: 35991
[65012.519464] tiering-eligible process: 35991
[65012.519522] tiering-eligible process: 35991
[65012.519580] tiering-eligible process: 35991
[65012.519638] tiering-eligible process: 35991
[65012.519696] tiering-eligible process: 35991
[65012.519753] tiering-eligible process: 35991
[65012.519811] tiering-eligible process: 35991
[65012.519869] tiering-eligible process: 35991
[65012.519927] tiering-eligible process: 35991
[65012.519984] tiering-eligible process: 35991
[65012.520050] tiering-eligible process: 35991
[65012.520114] tiering-eligible process: 35991
[65012.520172] tiering-eligible process: 35991
[65012.520230] tiering-eligible process: 35991
[65012.520297] tiering-eligible process: 35991
[65012.520355] tiering-eligible process: 35991
[65012.520412] tiering-eligible process: 35991
[65012.520470] tiering-eligible process: 35991
[65012.520528] tiering-eligible process: 35991
[65012.520586] tiering-eligible process: 35991
[65012.520643] tiering-eligible process: 35991
[65012.520701] tiering-eligible process: 35991
[65012.520759] tiering-eligible process: 35991
[65012.520817] tiering-eligible process: 35991
[65012.520874] tiering-eligible process: 35991
[65012.520932] tiering-eligible process: 35991
[65012.520990] tiering-eligible process: 35991
[65012.521058] tiering-eligible process: 35991
[65012.521121] tiering-eligible process: 35991
[65012.521179] tiering-eligible process: 35991
[65012.521252] tiering-eligible process: 35991
[65012.521317] tiering-eligible process: 35991
[65012.521376] tiering-eligible process: 35991
[65012.521433] tiering-eligible process: 35991
[65012.521491] tiering-eligible process: 35991
[65012.521549] tiering-eligible process: 35991
[65012.521607] tiering-eligible process: 35991
[65012.521665] tiering-eligible process: 35991
[65012.521722] tiering-eligible process: 35991
[65012.521780] tiering-eligible process: 35991
[65012.521838] tiering-eligible process: 35991
[65012.521896] tiering-eligible process: 35991
[65012.521953] tiering-eligible process: 35991
[65012.522011] tiering-eligible process: 35991
[65012.522082] tiering-eligible process: 35991
[65012.522140] tiering-eligible process: 35991
[65012.522198] tiering-eligible process: 35991
[65012.522266] tiering-eligible process: 35991
[65012.522324] tiering-eligible process: 35991
[65012.522382] tiering-eligible process: 35991
[65012.522440] tiering-eligible process: 35991
[65012.522498] tiering-eligible process: 35991
[65012.522556] tiering-eligible process: 35991
[65012.522614] tiering-eligible process: 35991
[65012.522671] tiering-eligible process: 35991
[65012.522729] tiering-eligible process: 35991
[65012.522787] tiering-eligible process: 35991
[65012.522845] tiering-eligible process: 35991
[65012.522902] tiering-eligible process: 35991
[65012.522960] tiering-eligible process: 35991
[65012.523018] tiering-eligible process: 35991
[65012.523087] tiering-eligible process: 35991
[65012.523145] tiering-eligible process: 35991
[65012.523213] tiering-eligible process: 35991
[65012.523279] tiering-eligible process: 35991
[65012.523337] tiering-eligible process: 35991
[65012.523395] tiering-eligible process: 35991
[65012.523453] tiering-eligible process: 35991
[65012.523510] tiering-eligible process: 35991
[65012.523568] tiering-eligible process: 35991
[65012.523626] tiering-eligible process: 35991
[65012.523683] tiering-eligible process: 35991
[65012.523741] tiering-eligible process: 35991
[65012.523799] tiering-eligible process: 35991
[65012.523857] tiering-eligible process: 35991
[65012.523914] tiering-eligible process: 35991
[65012.523972] tiering-eligible process: 35991
[65012.524030] tiering-eligible process: 35991
[65012.524097] tiering-eligible process: 35991
[65012.524156] tiering-eligible process: 35991
[65012.524227] tiering-eligible process: 35991
[65012.524292] tiering-eligible process: 35991
[65012.524350] tiering-eligible process: 35991
[65012.524408] tiering-eligible process: 35991
[65012.524466] tiering-eligible process: 35991
[65012.524523] tiering-eligible process: 35991
[65012.524581] tiering-eligible process: 35991
[65012.524639] tiering-eligible process: 35991
[65012.524697] tiering-eligible process: 35991
[65012.524754] tiering-eligible process: 35991
[65012.524812] tiering-eligible process: 35991
[65012.524870] tiering-eligible process: 35991
[65012.524927] tiering-eligible process: 35991
[65012.524985] tiering-eligible process: 35991
[65012.525050] tiering-eligible process: 35991
[65012.525404] tiering-eligible process: 35991
[65012.525462] tiering-eligible process: 35991
[65012.525530] tiering-eligible process: 35991
[65012.525599] tiering-eligible process: 35991
[65012.525657] tiering-eligible process: 35991
[65012.525715] tiering-eligible process: 35991
[65012.525773] tiering-eligible process: 35991
[65012.525831] tiering-eligible process: 35991
[65012.525889] tiering-eligible process: 35991
[65012.525946] tiering-eligible process: 35991
[65012.526004] tiering-eligible process: 35991
[65012.526074] tiering-eligible process: 35991
[65012.526133] tiering-eligible process: 35991
[65012.526201] tiering-eligible process: 35991
[65012.526259] tiering-eligible process: 35991
[65012.526317] tiering-eligible process: 35991
[65012.526375] tiering-eligible process: 35991
[65012.526433] tiering-eligible process: 35991
[65012.526490] tiering-eligible process: 35991
[65012.526548] tiering-eligible process: 35991
[65012.526606] tiering-eligible process: 35991
[65012.526664] tiering-eligible process: 35991
[65012.526721] tiering-eligible process: 35991
[65012.526779] tiering-eligible process: 35991
[65012.526837] tiering-eligible process: 35991
[65012.526895] tiering-eligible process: 35991
[65012.526952] tiering-eligible process: 35991
[65012.527010] tiering-eligible process: 35991
[65012.527080] tiering-eligible process: 35991
[65012.527138] tiering-eligible process: 35991
[65012.527198] tiering-eligible process: 35991
[65012.527268] tiering-eligible process: 35991
[65012.527326] tiering-eligible process: 35991
[65012.527384] tiering-eligible process: 35991
[65012.527442] tiering-eligible process: 35991
[65012.527500] tiering-eligible process: 35991
[65012.527557] tiering-eligible process: 35991
[65012.527615] tiering-eligible process: 35991
[65012.527673] tiering-eligible process: 35991
[65012.527731] tiering-eligible process: 35991
[65012.527788] tiering-eligible process: 35991
[65012.527846] tiering-eligible process: 35991
[65012.527904] tiering-eligible process: 35991
[65012.527961] tiering-eligible process: 35991
[65012.528019] tiering-eligible process: 35991
[65012.528087] tiering-eligible process: 35991
[65012.528146] tiering-eligible process: 35991
[65012.528214] tiering-eligible process: 35991
[65012.528280] tiering-eligible process: 35991
[65012.528346] tiering-eligible process: 35991
[65012.528404] tiering-eligible process: 35991
[65012.528462] tiering-eligible process: 35991
[65012.528519] tiering-eligible process: 35991
[65012.528577] tiering-eligible process: 35991
[65012.528635] tiering-eligible process: 35991
[65012.528693] tiering-eligible process: 35991
[65012.528750] tiering-eligible process: 35991
[65012.528808] tiering-eligible process: 35991
[65012.528866] tiering-eligible process: 35991
[65012.528924] tiering-eligible process: 35991
[65012.528981] tiering-eligible process: 35991
[65012.529046] tiering-eligible process: 35991
[65012.529112] tiering-eligible process: 35991
[65012.529170] tiering-eligible process: 35991
[65012.529228] tiering-eligible process: 35991
[65012.529295] tiering-eligible process: 35991
[65012.529353] tiering-eligible process: 35991
[65012.529411] tiering-eligible process: 35991
[65012.529469] tiering-eligible process: 35991
[65012.529526] tiering-eligible process: 35991
[65012.529584] tiering-eligible process: 35991
[65012.529642] tiering-eligible process: 35991
[65012.529700] tiering-eligible process: 35991
[65012.529757] tiering-eligible process: 35991
[65012.529815] tiering-eligible process: 35991
[65012.529873] tiering-eligible process: 35991
[65012.529931] tiering-eligible process: 35991
[65012.529988] tiering-eligible process: 35991
[65012.530057] tiering-eligible process: 35991
[65012.530120] tiering-eligible process: 35991
[65012.530178] tiering-eligible process: 35991
[65012.530246] tiering-eligible process: 35991
[65012.530312] tiering-eligible process: 35991
[65012.530370] tiering-eligible process: 35991
[65012.530428] tiering-eligible process: 35991
[65012.530486] tiering-eligible process: 35991
[65012.530543] tiering-eligible process: 35991
[65012.530601] tiering-eligible process: 35991
[65012.530659] tiering-eligible process: 35991
[65012.530716] tiering-eligible process: 35991
[65012.530774] tiering-eligible process: 35991
[65012.530832] tiering-eligible process: 35991
[65012.530890] tiering-eligible process: 35991
[65012.530947] tiering-eligible process: 35991
[65012.531005] tiering-eligible process: 35991
[65012.531074] tiering-eligible process: 35991
[65012.531136] tiering-eligible process: 35991
[65012.531196] tiering-eligible process: 35991
[65012.531264] tiering-eligible process: 35991
[65012.531330] tiering-eligible process: 35991
[65012.531388] tiering-eligible process: 35991
[65012.531446] tiering-eligible process: 35991
[65012.531503] tiering-eligible process: 35991
[65012.531561] tiering-eligible process: 35991
[65012.531619] tiering-eligible process: 35991
[65012.531677] tiering-eligible process: 35991
[65012.531734] tiering-eligible process: 35991
[65012.531792] tiering-eligible process: 35991
[65012.531850] tiering-eligible process: 35991
[65012.531908] tiering-eligible process: 35991
[65012.531965] tiering-eligible process: 35991
[65012.532023] tiering-eligible process: 35991
[65012.532090] tiering-eligible process: 35991
[65012.532148] tiering-eligible process: 35991
[65012.532218] tiering-eligible process: 35991
[65012.532283] tiering-eligible process: 35991
[65012.532342] tiering-eligible process: 35991
[65012.532400] tiering-eligible process: 35991
[65012.532457] tiering-eligible process: 35991
[65012.532515] tiering-eligible process: 35991
[65012.532573] tiering-eligible process: 35991
[65012.532630] tiering-eligible process: 35991
[65012.532688] tiering-eligible process: 35991
[65012.532746] tiering-eligible process: 35991
[65012.532804] tiering-eligible process: 35991
[65012.532861] tiering-eligible process: 35991
[65012.532919] tiering-eligible process: 35991
[65012.532977] tiering-eligible process: 35991
[65012.533035] tiering-eligible process: 35991
[65012.533108] tiering-eligible process: 35991
[65012.533166] tiering-eligible process: 35991
[65012.533234] tiering-eligible process: 35991
[65012.533299] tiering-eligible process: 35991
[65012.533357] tiering-eligible process: 35991
[65012.533415] tiering-eligible process: 35991
[65012.533473] tiering-eligible process: 35991
[65012.533530] tiering-eligible process: 35991
[65012.533588] tiering-eligible process: 35991
[65012.533646] tiering-eligible process: 35991
[65012.533704] tiering-eligible process: 35991
[65012.533761] tiering-eligible process: 35991
[65012.533820] tiering-eligible process: 35991
[65012.533877] tiering-eligible process: 35991
[65012.533935] tiering-eligible process: 35991
[65012.533993] tiering-eligible process: 35991
[65012.534062] tiering-eligible process: 35991
[65012.534126] tiering-eligible process: 35991
[65012.534184] tiering-eligible process: 35991
[65012.534256] tiering-eligible process: 35991
[65012.534314] tiering-eligible process: 35991
[65012.534372] tiering-eligible process: 35991
[65012.534430] tiering-eligible process: 35991
[65012.534487] tiering-eligible process: 35991
[65012.534545] tiering-eligible process: 35991
[65012.534603] tiering-eligible process: 35991
[65012.534660] tiering-eligible process: 35991
[65012.534718] tiering-eligible process: 35991
[65012.534776] tiering-eligible process: 35991
[65012.534834] tiering-eligible process: 35991
[65012.534891] tiering-eligible process: 35991
[65012.534949] tiering-eligible process: 35991
[65012.535007] tiering-eligible process: 35991
[65012.535074] tiering-eligible process: 35991
[65012.535135] tiering-eligible process: 35991
[65012.535194] tiering-eligible process: 35991
[65012.535262] tiering-eligible process: 35991
[65012.535320] tiering-eligible process: 35991
[65012.535378] tiering-eligible process: 35991
[65012.535435] tiering-eligible process: 35991
[65012.535494] tiering-eligible process: 35991
[65012.535552] tiering-eligible process: 35991
[65012.535610] tiering-eligible process: 35991
[65012.535667] tiering-eligible process: 35991
[65012.535725] tiering-eligible process: 35991
[65012.535783] tiering-eligible process: 35991
[65012.535840] tiering-eligible process: 35991
[65012.535898] tiering-eligible process: 35991
[65012.535956] tiering-eligible process: 35991
[65012.536014] tiering-eligible process: 35991
[65012.536086] tiering-eligible process: 35991
[65012.536149] tiering-eligible process: 35991
[65012.536207] tiering-eligible process: 35991
[65012.536265] tiering-eligible process: 35991
[65012.536334] tiering-eligible process: 35991
[65012.536399] tiering-eligible process: 35991
[65012.536457] tiering-eligible process: 35991
[65012.536516] tiering-eligible process: 35991
[65012.536574] tiering-eligible process: 35991
[65012.536631] tiering-eligible process: 35991
[65012.536689] tiering-eligible process: 35991
[65012.536747] tiering-eligible process: 35991
[65012.536804] tiering-eligible process: 35991
[65012.536862] tiering-eligible process: 35991
[65012.536920] tiering-eligible process: 35991
[65012.536977] tiering-eligible process: 35991
[65012.537035] tiering-eligible process: 35991
[65012.537106] tiering-eligible process: 35991
[65012.537164] tiering-eligible process: 35991
[65012.537222] tiering-eligible process: 35991
[65012.537289] tiering-eligible process: 35991
[65012.537347] tiering-eligible process: 35991
[65012.537405] tiering-eligible process: 35991
[65012.537462] tiering-eligible process: 35991
[65012.537520] tiering-eligible process: 35991
[65012.537578] tiering-eligible process: 35991
[65012.537635] tiering-eligible process: 35991
[65012.537693] tiering-eligible process: 35991
[65012.537751] tiering-eligible process: 35991
[65012.537808] tiering-eligible process: 35991
[65012.537866] tiering-eligible process: 35991
[65012.537924] tiering-eligible process: 35991
[65012.537982] tiering-eligible process: 35991
[65012.538046] tiering-eligible process: 35991
[65012.538112] tiering-eligible process: 35991
[65012.538170] tiering-eligible process: 35991
[65012.538239] tiering-eligible process: 35991
[65012.538304] tiering-eligible process: 35991
[65012.538362] tiering-eligible process: 35991
[65012.538420] tiering-eligible process: 35991
[65012.538478] tiering-eligible process: 35991
[65012.538536] tiering-eligible process: 35991
[65012.538593] tiering-eligible process: 35991
[65012.538651] tiering-eligible process: 35991
[65012.538709] tiering-eligible process: 35991
[65012.538766] tiering-eligible process: 35991
[65012.538824] tiering-eligible process: 35991
[65012.538882] tiering-eligible process: 35991
[65012.538939] tiering-eligible process: 35991
[65012.538997] tiering-eligible process: 35991
[65012.539065] tiering-eligible process: 35991
[65012.539128] tiering-eligible process: 35991
[65012.539186] tiering-eligible process: 35991
[65012.539257] tiering-eligible process: 35991
[65012.539315] tiering-eligible process: 35991
[65012.539373] tiering-eligible process: 35991
[65012.539430] tiering-eligible process: 35991
[65012.539488] tiering-eligible process: 35991
[65012.539546] tiering-eligible process: 35991
[65012.539603] tiering-eligible process: 35991
[65012.539661] tiering-eligible process: 35991
[65012.539719] tiering-eligible process: 35991
[65012.539777] tiering-eligible process: 35991
[65012.539834] tiering-eligible process: 35991
[65012.539892] tiering-eligible process: 35991
[65012.539949] tiering-eligible process: 35991
[65012.540007] tiering-eligible process: 35991
[65012.540076] tiering-eligible process: 35991
[65012.540137] tiering-eligible process: 35991
[65012.540194] tiering-eligible process: 35991
[65012.540262] tiering-eligible process: 35991
[65012.540320] tiering-eligible process: 35991
[65012.540378] tiering-eligible process: 35991
[65012.540436] tiering-eligible process: 35991
[65012.540494] tiering-eligible process: 35991
[65012.540551] tiering-eligible process: 35991
[65012.540609] tiering-eligible process: 35991
[65012.540667] tiering-eligible process: 35991
[65012.540724] tiering-eligible process: 35991
[65012.540782] tiering-eligible process: 35991
[65012.540840] tiering-eligible process: 35991
[65012.540897] tiering-eligible process: 35991
[65012.540955] tiering-eligible process: 35991
[65012.541013] tiering-eligible process: 35991
[65012.541082] tiering-eligible process: 35991
[65012.541140] tiering-eligible process: 35991
[65012.541201] tiering-eligible process: 35991
[65012.541268] tiering-eligible process: 35991
[65012.541334] tiering-eligible process: 35991
[65012.541392] tiering-eligible process: 35991
[65012.541449] tiering-eligible process: 35991
[65012.541507] tiering-eligible process: 35991
[65012.541565] tiering-eligible process: 35991
[65012.541623] tiering-eligible process: 35991
[65012.541680] tiering-eligible process: 35991
[65012.541738] tiering-eligible process: 35991
[65012.541796] tiering-eligible process: 35991
[65012.541853] tiering-eligible process: 35991
[65012.541911] tiering-eligible process: 35991
[65012.541969] tiering-eligible process: 35991
[65012.542026] tiering-eligible process: 35991
[65012.542094] tiering-eligible process: 35991
[65012.542157] tiering-eligible process: 35991
[65012.542215] tiering-eligible process: 35991
[65012.542285] tiering-eligible process: 35991
[65012.542350] tiering-eligible process: 35991
[65012.542408] tiering-eligible process: 35991
[65012.542466] tiering-eligible process: 35991
[65012.542523] tiering-eligible process: 35991
[65012.542581] tiering-eligible process: 35991
[65012.542639] tiering-eligible process: 35991
[65012.542696] tiering-eligible process: 35991
[65012.542754] tiering-eligible process: 35991
[65012.542812] tiering-eligible process: 35991
[65012.542869] tiering-eligible process: 35991
[65012.542927] tiering-eligible process: 35991
[65012.542985] tiering-eligible process: 35991
[65012.543050] tiering-eligible process: 35991
[65012.543113] tiering-eligible process: 35991
[65012.543171] tiering-eligible process: 35991
[65012.543231] tiering-eligible process: 35991
[65012.543299] tiering-eligible process: 35991
[65012.543357] tiering-eligible process: 35991
[65012.543415] tiering-eligible process: 35991
[65012.543473] tiering-eligible process: 35991
[65012.543530] tiering-eligible process: 35991
[65012.543588] tiering-eligible process: 35991
[65012.543646] tiering-eligible process: 35991
[65012.543703] tiering-eligible process: 35991
[65012.543761] tiering-eligible process: 35991
[65012.543819] tiering-eligible process: 35991
[65012.543876] tiering-eligible process: 35991
[65012.543934] tiering-eligible process: 35991
[65012.543992] tiering-eligible process: 35991
[65012.544057] tiering-eligible process: 35991
[65012.544117] tiering-eligible process: 35991
[65012.544175] tiering-eligible process: 35991
[65012.544233] tiering-eligible process: 35991
[65012.544302] tiering-eligible process: 35991
[65012.544367] tiering-eligible process: 35991
[65012.544426] tiering-eligible process: 35991
[65012.544483] tiering-eligible process: 35991
[65012.544541] tiering-eligible process: 35991
[65012.544599] tiering-eligible process: 35991
[65012.544656] tiering-eligible process: 35991
[65012.544714] tiering-eligible process: 35991
[65012.544772] tiering-eligible process: 35991
[65012.544829] tiering-eligible process: 35991
[65012.544887] tiering-eligible process: 35991
[65012.544945] tiering-eligible process: 35991
[65012.545002] tiering-eligible process: 35991
[65012.545068] tiering-eligible process: 35991
[65012.545133] tiering-eligible process: 35991
[65012.545191] tiering-eligible process: 35991
[65012.545261] tiering-eligible process: 35991
[65012.545326] tiering-eligible process: 35991
[65012.545384] tiering-eligible process: 35991
[65012.545442] tiering-eligible process: 35991
[65012.545500] tiering-eligible process: 35991
[65012.545558] tiering-eligible process: 35991
[65012.545615] tiering-eligible process: 35991
[65012.545673] tiering-eligible process: 35991
[65012.545730] tiering-eligible process: 35991
[65012.545788] tiering-eligible process: 35991
[65012.545846] tiering-eligible process: 35991
[65012.545904] tiering-eligible process: 35991
[65012.545961] tiering-eligible process: 35991
[65012.546019] tiering-eligible process: 35991
[65012.546092] tiering-eligible process: 35991
[65012.546155] tiering-eligible process: 35991
[65012.546212] tiering-eligible process: 35991
[65012.546284] tiering-eligible process: 35991
[65012.546349] tiering-eligible process: 35991
[65012.546408] tiering-eligible process: 35991
[65012.546465] tiering-eligible process: 35991
[65012.546523] tiering-eligible process: 35991
[65012.546581] tiering-eligible process: 35991
[65012.546638] tiering-eligible process: 35991
[65012.546696] tiering-eligible process: 35991
[65012.546754] tiering-eligible process: 35991
[65012.546812] tiering-eligible process: 35991
[65012.546869] tiering-eligible process: 35991
[65012.546927] tiering-eligible process: 35991
[65012.546985] tiering-eligible process: 35991
[65012.547049] tiering-eligible process: 35991
[65012.547113] tiering-eligible process: 35991
[65012.547171] tiering-eligible process: 35991
[65012.547229] tiering-eligible process: 35991
[65012.547297] tiering-eligible process: 35991
[65012.547363] tiering-eligible process: 35991
[65012.547420] tiering-eligible process: 35991
[65012.547478] tiering-eligible process: 35991
[65012.547536] tiering-eligible process: 35991
[65012.547594] tiering-eligible process: 35991
[65012.547651] tiering-eligible process: 35991
[65012.547709] tiering-eligible process: 35991
[65012.547767] tiering-eligible process: 35991
[65012.547824] tiering-eligible process: 35991
[65012.547882] tiering-eligible process: 35991
[65012.547940] tiering-eligible process: 35991
[65012.547997] tiering-eligible process: 35991
[65012.548063] tiering-eligible process: 35991
[65012.548129] tiering-eligible process: 35991
[65012.548186] tiering-eligible process: 35991
[65012.548255] tiering-eligible process: 35991
[65012.548320] tiering-eligible process: 35991
[65012.548378] tiering-eligible process: 35991
[65012.548436] tiering-eligible process: 35991
[65012.548493] tiering-eligible process: 35991
[65012.548551] tiering-eligible process: 35991
[65012.548609] tiering-eligible process: 35991
[65012.548667] tiering-eligible process: 35991
[65012.548724] tiering-eligible process: 35991
[65012.548782] tiering-eligible process: 35991
[65012.548840] tiering-eligible process: 35991
[65012.548898] tiering-eligible process: 35991
[65012.548955] tiering-eligible process: 35991
[65012.549013] tiering-eligible process: 35991
[65012.549082] tiering-eligible process: 35991
[65012.549145] tiering-eligible process: 35991
[65012.549203] tiering-eligible process: 35991
[65012.549263] tiering-eligible process: 35991
[65012.549333] tiering-eligible process: 35991
[65012.549398] tiering-eligible process: 35991
[65012.549456] tiering-eligible process: 35991
[65012.549514] tiering-eligible process: 35991
[65012.549572] tiering-eligible process: 35991
[65012.549630] tiering-eligible process: 35991
[65012.549687] tiering-eligible process: 35991
[65012.549745] tiering-eligible process: 35991
[65012.549803] tiering-eligible process: 35991
[65012.549861] tiering-eligible process: 35991
[65012.549918] tiering-eligible process: 35991
[65012.549976] tiering-eligible process: 35991
[65012.550034] tiering-eligible process: 35991
[65012.550106] tiering-eligible process: 35991
[65012.550164] tiering-eligible process: 35991
[65012.550222] tiering-eligible process: 35991
[65012.550280] tiering-eligible process: 35991
[65012.550347] tiering-eligible process: 35991
[65012.550406] tiering-eligible process: 35991
[65012.550464] tiering-eligible process: 35991
[65012.550521] tiering-eligible process: 35991
[65012.550579] tiering-eligible process: 35991
[65012.550637] tiering-eligible process: 35991
[65012.550695] tiering-eligible process: 35991
[65012.550752] tiering-eligible process: 35991
[65012.550810] tiering-eligible process: 35991
[65012.550868] tiering-eligible process: 35991
[65012.550926] tiering-eligible process: 35991
[65012.550983] tiering-eligible process: 35991
[65012.551049] tiering-eligible process: 35991
[65012.551112] tiering-eligible process: 35991
[65012.551170] tiering-eligible process: 35991
[65012.551237] tiering-eligible process: 35991
[65012.551303] tiering-eligible process: 35991
[65012.551361] tiering-eligible process: 35991
[65012.551418] tiering-eligible process: 35991
[65012.551476] tiering-eligible process: 35991
[65012.551534] tiering-eligible process: 35991
[65012.551592] tiering-eligible process: 35991
[65012.551649] tiering-eligible process: 35991
[65012.551707] tiering-eligible process: 35991
[65012.551765] tiering-eligible process: 35991
[65012.551823] tiering-eligible process: 35991
[65012.551880] tiering-eligible process: 35991
[65012.551938] tiering-eligible process: 35991
[65012.551996] tiering-eligible process: 35991
[65012.552065] tiering-eligible process: 35991
[65012.552127] tiering-eligible process: 35991
[65012.552185] tiering-eligible process: 35991
[65012.552257] tiering-eligible process: 35991
[65012.552315] tiering-eligible process: 35991
[65012.552372] tiering-eligible process: 35991
[65012.552430] tiering-eligible process: 35991
[65012.552488] tiering-eligible process: 35991
[65012.552546] tiering-eligible process: 35991
[65012.552603] tiering-eligible process: 35991
[65012.552661] tiering-eligible process: 35991
[65012.552719] tiering-eligible process: 35991
[65012.552776] tiering-eligible process: 35991
[65012.552834] tiering-eligible process: 35991
[65012.552892] tiering-eligible process: 35991
[65012.552950] tiering-eligible process: 35991
[65012.553007] tiering-eligible process: 35991
[65012.553364] tiering-eligible process: 35991
[65012.553425] tiering-eligible process: 35991
[65012.553483] tiering-eligible process: 35991
[65012.553554] tiering-eligible process: 35991
[65012.553619] tiering-eligible process: 35991
[65012.553678] tiering-eligible process: 35991
[65012.553735] tiering-eligible process: 35991
[65012.553793] tiering-eligible process: 35991
[65012.553850] tiering-eligible process: 35991
[65012.553908] tiering-eligible process: 35991
[65012.553966] tiering-eligible process: 35991
[65012.554024] tiering-eligible process: 35991
[65012.554093] tiering-eligible process: 35991
[65012.554151] tiering-eligible process: 35991
[65012.554218] tiering-eligible process: 35991
[65012.554284] tiering-eligible process: 35991
[65012.554342] tiering-eligible process: 35991
[65012.554400] tiering-eligible process: 35991
[65012.554457] tiering-eligible process: 35991
[65012.554515] tiering-eligible process: 35991
[65012.554573] tiering-eligible process: 35991
[65012.554630] tiering-eligible process: 35991
[65012.554688] tiering-eligible process: 35991
[65012.554745] tiering-eligible process: 35991
[65012.554803] tiering-eligible process: 35991
[65012.554860] tiering-eligible process: 35991
[65012.554918] tiering-eligible process: 35991
[65012.554976] tiering-eligible process: 35991
[65012.555033] tiering-eligible process: 35991
[65012.555101] tiering-eligible process: 35991
[65012.555159] tiering-eligible process: 35991
[65012.555229] tiering-eligible process: 35991
[65012.555295] tiering-eligible process: 35991
[65012.555353] tiering-eligible process: 35991
[65012.555410] tiering-eligible process: 35991
[65012.555468] tiering-eligible process: 35991
[65012.555526] tiering-eligible process: 35991
[65012.555583] tiering-eligible process: 35991
[65012.555641] tiering-eligible process: 35991
[65012.555699] tiering-eligible process: 35991
[65012.555756] tiering-eligible process: 35991
[65012.555814] tiering-eligible process: 35991
[65012.555871] tiering-eligible process: 35991
[65012.555929] tiering-eligible process: 35991
[65012.555987] tiering-eligible process: 35991
[65012.556053] tiering-eligible process: 35991
[65012.556119] tiering-eligible process: 35991
[65012.556177] tiering-eligible process: 35991
[65012.556246] tiering-eligible process: 35991
[65012.556312] tiering-eligible process: 35991
[65012.556370] tiering-eligible process: 35991
[65012.556427] tiering-eligible process: 35991
[65012.556485] tiering-eligible process: 35991
[65012.556543] tiering-eligible process: 35991
[65012.556600] tiering-eligible process: 35991
[65012.556658] tiering-eligible process: 35991
[65012.556715] tiering-eligible process: 35991
[65012.556773] tiering-eligible process: 35991
[65012.556831] tiering-eligible process: 35991
[65012.556888] tiering-eligible process: 35991
[65012.556946] tiering-eligible process: 35991
[65012.557004] tiering-eligible process: 35991
[65012.557069] tiering-eligible process: 35991
[65012.557136] tiering-eligible process: 35991
[65012.557194] tiering-eligible process: 35991
[65012.557262] tiering-eligible process: 35991
[65012.557327] tiering-eligible process: 35991
[65012.557385] tiering-eligible process: 35991
[65012.557443] tiering-eligible process: 35991
[65012.557501] tiering-eligible process: 35991
[65012.557558] tiering-eligible process: 35991
[65012.557616] tiering-eligible process: 35991
[65012.557674] tiering-eligible process: 35991
[65012.557731] tiering-eligible process: 35991
[65012.557789] tiering-eligible process: 35991
[65012.557847] tiering-eligible process: 35991
[65012.557904] tiering-eligible process: 35991
[65012.557962] tiering-eligible process: 35991
[65012.558019] tiering-eligible process: 35991
[65012.558089] tiering-eligible process: 35991
[65012.558151] tiering-eligible process: 35991
[65012.558209] tiering-eligible process: 35991
[65012.558267] tiering-eligible process: 35991
[65012.558334] tiering-eligible process: 35991
[65012.558400] tiering-eligible process: 35991
[65012.558458] tiering-eligible process: 35991
[65012.558515] tiering-eligible process: 35991
[65012.558573] tiering-eligible process: 35991
[65012.558631] tiering-eligible process: 35991
[65012.558689] tiering-eligible process: 35991
[65012.558746] tiering-eligible process: 35991
[65012.558804] tiering-eligible process: 35991
[65012.558862] tiering-eligible process: 35991
[65012.558919] tiering-eligible process: 35991
[65012.558978] tiering-eligible process: 35991
[65012.559047] tiering-eligible process: 35991
[65012.559173] tiering-eligible process: 35991
[65012.559224] tiering-eligible process: 35991
[65012.559691] tiering-eligible process: 35991
[65012.560282] tiering-eligible process: 35991
[65012.560531] tiering-eligible process: 35991
[65012.560565] tiering-eligible process: 35991
[65012.560577] tiering-eligible process: 35991
[65012.560588] tiering-eligible process: 35991
[65012.560599] tiering-eligible process: 35991
[65012.560617] tiering-eligible process: 35991
[65012.560628] tiering-eligible process: 35991
[65012.560639] tiering-eligible process: 35991
[65012.560650] tiering-eligible process: 35991
[65012.560662] tiering-eligible process: 35991
[65012.560673] tiering-eligible process: 35991
[65012.560685] tiering-eligible process: 35991
[65012.560696] tiering-eligible process: 35991
[65012.560748] mtier: found and deleted requested process (pid 35991).
